<?xml version="1.0" encoding="UTF-8"?>
<!-- Generated by org.testng.reporters.JUnitReportReporter -->
<testsuite hostname="Rajat_B" failures="0" tests="4" name="api.test.userTest" time="6.908" errors="0" timestamp="2024-02-01T16:31:45 IST" skipped="0">
  <testcase classname="api.test.userTest" name="testPostUser" time="3.251"/>
  <system-out/>
  <testcase classname="api.test.userTest" name="testGetUserByName" time="0.937"/>
  <system-out/>
  <testcase classname="api.test.userTest" name="testUpdateUserByName" time="1.807"/>
  <system-out/>
  <testcase classname="api.test.userTest" name="testDeleteUserByName" time="0.913"/>
  <system-out/>
</testsuite> <!-- api.test.userTest -->
